2024-03-15 08:00:01 INFO [system.py:45] System startup initiated - Build v3.2.1
2024-03-15 08:00:02 INFO [database.py:23] Connecting to primary database: db-prod-01.internal
2024-03-15 08:00:03 INFO [database.py:25] Database connection pool initialized: 20 connections
2024-03-15 08:00:04 INFO [auth.py:12] Authentication service started - Redis cache enabled
2024-03-15 08:00:05 INFO [worker.py:34] Background worker pool started: 8 workers
2024-03-15 08:00:06 INFO [api.py:78] API server listening on port 8080
2024-03-15 08:00:07 INFO [health.py:23] Health check endpoint registered: /health

2024-03-15 08:15:23 INFO [metrics.py:45] System metrics baseline: CPU=12%, Memory=2.1GB, Disk=45%
2024-03-15 08:15:24 INFO [user.py:67] User session created: user_id=12345, session_token=abc123
2024-03-15 08:15:25 INFO [api.py:89] GET /api/users/12345 - 200 OK - 45ms
2024-03-15 08:16:12 INFO [transaction.py:234] Transaction started: tx_id=TX_001, amount=$1,250.00
2024-03-15 08:16:13 INFO [payment.py:156] Payment gateway request initiated: gateway=stripe

2024-03-15 08:30:45 WARN [database.py:234] Connection pool utilization high: 18/20 connections active
2024-03-15 08:30:46 WARN [performance.py:67] Response time degradation detected: avg=450ms (threshold=300ms)
2024-03-15 08:30:47 INFO [cache.py:89] Cache hit ratio: 78% (target=85%)
2024-03-15 08:31:02 WARN [memory.py:123] Memory usage increasing: 3.2GB (warning threshold=3.0GB)
2024-03-15 08:31:03 INFO [gc.py:45] Garbage collection triggered: freed 156MB

2024-03-15 08:45:15 ERROR [database.py:456] Connection timeout: db-prod-01.internal:5432 - timeout after 30s
2024-03-15 08:45:16 WARN [database.py:458] Attempting failover to secondary database: db-prod-02.internal
2024-03-15 08:45:17 ERROR [database.py:462] Secondary database connection failed: connection refused
2024-03-15 08:45:18 CRITICAL [database.py:465] All database connections failed - entering degraded mode
2024-03-15 08:45:19 ERROR [api.py:234] Database unavailable for transaction: tx_id=TX_078
2024-03-15 08:45:20 ERROR [user.py:345] Failed to validate session: database connection lost
2024-03-15 08:45:21 CRITICAL [system.py:789] System entering emergency mode: database cluster unreachable

2024-03-15 08:46:01 INFO [admin.py:123] Emergency database restart initiated by admin_user=ops_jenny
2024-03-15 08:46:02 INFO [database.py:567] Attempting to restart database connection pool
2024-03-15 08:46:15 INFO [database.py:570] Primary database connection restored: db-prod-01.internal
2024-03-15 08:46:16 INFO [database.py:572] Connection pool refilled: 20/20 connections active
2024-03-15 08:46:17 INFO [system.py:234] Exiting emergency mode - all systems operational
2024-03-15 08:46:18 INFO [api.py:345] Normal operations resumed

2024-03-15 09:15:30 WARN [security.py:123] Unusual login pattern detected: IP=203.0.113.45, attempts=15 in 5min
2024-03-15 09:15:31 WARN [security.py:125] Geographic anomaly: login from Russia for US-based account user_id=98765
2024-03-15 09:15:32 ERROR [auth.py:234] Authentication failed: invalid_credentials, IP=203.0.113.45, user_id=98765
2024-03-15 09:15:33 ERROR [auth.py:236] Multiple authentication failures: IP=203.0.113.45, count=20
2024-03-15 09:15:34 CRITICAL [security.py:567] Potential brute force attack detected: IP=203.0.113.45
2024-03-15 09:15:35 ERROR [firewall.py:123] IP address blocked: 203.0.113.45 - automated security response
2024-03-15 09:15:36 WARN [security.py:789] Account locked for protection: user_id=98765
2024-03-15 09:15:37 INFO [notification.py:234] Security alert sent to user: account_locked_notification

2024-03-15 09:30:15 INFO [batch.py:234] Daily batch processing started: 45,000 records queued
2024-03-15 09:30:16 INFO [worker.py:345] Scaling worker pool for batch processing: 8 → 16 workers
2024-03-15 09:30:45 WARN [memory.py:456] Memory usage spike during batch processing: 6.2GB
2024-03-15 09:31:15 ERROR [worker.py:567] Worker process crashed: worker_id=worker_12, OOM_killed
2024-03-15 09:31:16 ERROR [worker.py:569] Worker process crashed: worker_id=worker_15, OOM_killed
2024-03-15 09:31:17 CRITICAL [memory.py:789] System memory critically low: 95% utilized
2024-03-15 09:31:18 ERROR [batch.py:345] Batch processing failed: insufficient memory
2024-03-15 09:31:19 CRITICAL [system.py:901] Memory exhaustion detected - initiating emergency shutdown
2024-03-15 09:31:20 ERROR [api.py:567] Rejecting new requests: system overloaded
2024-03-15 09:31:21 INFO [admin.py:234] Emergency system restart triggered by automated monitoring

2024-03-15 09:35:01 INFO [system.py:45] System restart completed - Build v3.2.1
2024-03-15 09:35:02 INFO [memory.py:123] Memory usage normalized: 1.8GB
2024-03-15 09:35:03 INFO [worker.py:234] Worker pool reinitialized: 8 workers
2024-03-15 09:35:04 INFO [batch.py:456] Resuming batch processing with memory limits: max_workers=4
2024-03-15 09:35:05 INFO [api.py:123] API server back online - accepting requests

2024-03-15 10:15:22 ERROR [payment.py:789] Payment processing anomaly: duplicate transaction detected
2024-03-15 10:15:23 WARN [transaction.py:234] Transaction rollback initiated: tx_id=TX_156
2024-03-15 10:15:24 ERROR [audit.py:345] Data integrity violation: transaction amount mismatch
2024-03-15 10:15:25 ERROR [payment.py:567] Gateway response corruption: invalid checksum
2024-03-15 10:15:26 CRITICAL [fraud.py:123] Potential data tampering detected in payment flow
2024-03-15 10:15:27 ERROR [security.py:890] Payment system isolated for investigation
2024-03-15 10:15:28 CRITICAL [compliance.py:234] Regulatory violation: payment data integrity compromised
2024-03-15 10:15:29 INFO [incident.py:456] Critical incident declared: INC-2024-0315-001

2024-03-15 10:45:30 WARN [ssl.py:234] SSL certificate expiring in 7 days: api.company.com
2024-03-15 10:45:31 ERROR [backup.py:345] Backup verification failed: checksum mismatch for backup_2024-03-14
2024-03-15 10:45:32 CRITICAL [backup.py:347] Data corruption detected in recent backups
2024-03-15 10:45:33 ERROR [storage.py:567] Disk errors detected on backup storage: /dev/sdb
2024-03-15 10:45:34 CRITICAL [storage.py:569] Storage subsystem failure: backup integrity compromised
2024-03-15 10:45:35 ERROR [disaster.py:123] Disaster recovery plan activation required
2024-03-15 10:45:36 CRITICAL [admin.py:789] Manual intervention required: storage failure + backup corruption

2024-03-15 11:15:45 INFO [maintenance.py:234] Emergency maintenance window opened
2024-03-15 11:15:46 INFO [storage.py:345] Initiating storage array rebuild: RAID-5 reconstruction
2024-03-15 11:15:47 INFO [backup.py:456] Restoring from off-site backup: backup_2024-03-13
2024-03-15 11:30:15 INFO [storage.py:567] Storage rebuild completed: all arrays healthy
2024-03-15 11:30:16 INFO [backup.py:678] Backup restoration completed: data integrity verified
2024-03-15 11:30:17 INFO [system.py:234] Full system verification completed: all subsystems operational
2024-03-15 11:30:18 INFO [maintenance.py:345] Emergency maintenance window closed
2024-03-15 11:30:19 INFO [api.py:123] All services restored to normal operation 